<?xml version="1.0" encoding="UTF-8"?>
<!-- Generated by org.testng.reporters.JUnitReportReporter -->
<testsuite hostname="Madhusudhan" failures="0" tests="2" name="utilities.ITListener" time="5.814" errors="0" timestamp="2024-02-12T15:02:13 IST" skipped="0">
  <testcase classname="utilities.ITListener" name="testSearch1" time="3.080"/>
  <testcase classname="utilities.ITListener" name="testSearch2" time="2.734"/>
</testsuite> <!-- utilities.ITListener -->
