<?xml version="1.0" encoding="UTF-8"?>
<!-- Generated by org.testng.reporters.JUnitReportReporter -->
<testsuite hostname="Madhusudhan" failures="0" tests="4" name="utilities.ExcelUtility" time="6.429" errors="0" timestamp="2024-02-09T12:38:41 IST" skipped="0">
  <testcase classname="utilities.ExcelUtility" name="testLogin" time="1.029"/>
  <testcase classname="utilities.ExcelUtility" name="testLogin" time="0.807"/>
  <testcase classname="utilities.ExcelUtility" name="testLogin" time="3.908"/>
  <testcase classname="utilities.ExcelUtility" name="testLogin" time="0.685"/>
</testsuite> <!-- utilities.ExcelUtility -->
