<?xml version="1.0" encoding="UTF-8"?>
<!-- Generated by org.testng.reporters.JUnitReportReporter -->
<testsuite hostname="Madhusudhan" failures="0" tests="1" name="pages.LoginTest" time="3.970" errors="0" timestamp="2024-02-12T11:06:59 IST" skipped="0">
  <testcase classname="pages.LoginTest" name="testLoginSuccess" time="3.970"/>
</testsuite> <!-- pages.LoginTest -->
